Flow report for speccy
Thu Feb 10 12:28:11 2011
Quartus II Version 9.1 Build 222 10/21/2009 SJ Full Version


---------------------
; Table of Contents ;
---------------------
  1. Legal Notice
  2. Flow Summary
  3. Flow Settings
  4. Flow Non-Default Global Settings
  5. Flow Elapsed Time
  6. Flow OS Summary
  7. Flow Log



----------------
; Legal Notice ;
----------------
Copyright (C) 1991-2009 Altera Corporation
Your use of Altera Corporation's design tools, logic functions 
and other software and tools, and its AMPP partner logic 
functions, and any output files from any of the foregoing 
(including device programming or simulation files), and any 
associated documentation or information are expressly subject 
to the terms and conditions of the Altera Program License 
Subscription Agreement, Altera MegaCore Function License 
Agreement, or other applicable license agreement, including, 
without limitation, that your use is for the sole purpose of 
programming logic devices manufactured by Altera and sold by 
Altera or its authorized distributors.  Please refer to the 
applicable agreement for further details.



+-------------------------------------------------------------------------------+
; Flow Summary                                                                  ;
+------------------------------------+------------------------------------------+
; Flow Status                        ; Successful - Thu Feb 10 12:26:54 2011    ;
; Quartus II Version                 ; 9.1 Build 222 10/21/2009 SJ Full Version ;
; Revision Name                      ; speccy                                   ;
; Top-level Entity Name              ; speccy                                   ;
; Family                             ; Cyclone III                              ;
; Device                             ; EP3C5E144C8                              ;
; Timing Models                      ; Final                                    ;
; Met timing requirements            ; N/A                                      ;
; Total logic elements               ; 4,229 / 5,136 ( 82 % )                   ;
;     Total combinational functions  ; 4,096 / 5,136 ( 80 % )                   ;
;     Dedicated logic registers      ; 1,415 / 5,136 ( 28 % )                   ;
; Total registers                    ; 1415                                     ;
; Total pins                         ; 51 / 95 ( 54 % )                         ;
; Total virtual pins                 ; 0                                        ;
; Total memory bits                  ; 39,040 / 423,936 ( 9 % )                 ;
; Embedded Multiplier 9-bit elements ; 0 / 46 ( 0 % )                           ;
; Total PLLs                         ; 1 / 2 ( 50 % )                           ;
+------------------------------------+------------------------------------------+


+-----------------------------------------+
; Flow Settings                           ;
+-------------------+---------------------+
; Option            ; Setting             ;
+-------------------+---------------------+
; Start date & time ; 02/10/2011 12:18:57 ;
; Main task         ; Compilation         ;
; Revision Name     ; speccy              ;
+-------------------+---------------------+


+------------------------------------------------------------------------------------------------------------------------------------------------------------------+
; Flow Non-Default Global Settings                                                                                                                                 ;
+------------------------------------+------------------------------------------------------------------------------+---------------+-------------+----------------+
; Assignment Name                    ; Value                                                                        ; Default Value ; Entity Name ; Section Id     ;
+------------------------------------+------------------------------------------------------------------------------+---------------+-------------+----------------+
; COMPILER_SIGNATURE_ID              ; 0.129732953603668                                                            ; --            ; --          ; --             ;
; IP_TOOL_NAME                       ; ALTPLL                                                                       ; --            ; --          ; --             ;
; IP_TOOL_NAME                       ; ALTPLL                                                                       ; --            ; --          ; --             ;
; IP_TOOL_NAME                       ; LPM_RAM_DP                                                                   ; --            ; --          ; --             ;
; IP_TOOL_VERSION                    ; 9.1                                                                          ; --            ; --          ; --             ;
; IP_TOOL_VERSION                    ; 9.0                                                                          ; --            ; --          ; --             ;
; IP_TOOL_VERSION                    ; 9.1                                                                          ; --            ; --          ; --             ;
; MAX_CORE_JUNCTION_TEMP             ; 85                                                                           ; --            ; --          ; --             ;
; MIN_CORE_JUNCTION_TEMP             ; 0                                                                            ; --            ; --          ; --             ;
; MISC_FILE                          ; C:/Documents and Settings/Admin/Рабочий стол/u10_speccy/speccy.dpf           ; --            ; --          ; --             ;
; MISC_FILE                          ; C:/Documents and Settings/Ewgeny7/Рабочий стол/u10_speccy/speccy.dpf         ; --            ; --          ; --             ;
; MISC_FILE                          ; G:/u10_speccy/speccy.dpf                                                     ; --            ; --          ; --             ;
; MISC_FILE                          ; altpll0.bsf                                                                  ; --            ; --          ; --             ;
; MISC_FILE                          ; altpll0.ppf                                                                  ; --            ; --          ; --             ;
; MISC_FILE                          ; altpll1.bsf                                                                  ; --            ; --          ; --             ;
; MISC_FILE                          ; altpll1.ppf                                                                  ; --            ; --          ; --             ;
; MISC_FILE                          ; C:/Documents and Settings/Ewgeny7/Рабочий стол/u10_speccy_04d/speccy.dpf     ; --            ; --          ; --             ;
; MISC_FILE                          ; lpm_ram_dp0.bsf                                                              ; --            ; --          ; --             ;
; MISC_FILE                          ; C:/Documents and Settings/Ewgeny7/Рабочий стол/u10_speccy_05/speccy.dpf      ; --            ; --          ; --             ;
; MISC_FILE                          ; C:/Documents and Settings/Ewgeny7/Рабочий стол/u10_speccy_06a/speccy.dpf     ; --            ; --          ; --             ;
; MISC_FILE                          ; C:/Documents and Settings/Ewgeny7/Рабочий стол/U10/u10_speccy_06c/speccy.dpf ; --            ; --          ; --             ;
; MISC_FILE                          ; C:/Documents and Settings/Admin/Рабочий стол/u10_speccy_06c/speccy.dpf       ; --            ; --          ; --             ;
; NOMINAL_CORE_SUPPLY_VOLTAGE        ; 1.2V                                                                         ; --            ; --          ; --             ;
; NUM_PARALLEL_PROCESSORS            ; All                                                                          ; --            ; --          ; --             ;
; PARTITION_COLOR                    ; 16764057                                                                     ; --            ; --          ; Top            ;
; PARTITION_NETLIST_TYPE             ; SOURCE                                                                       ; --            ; --          ; Top            ;
; SAVE_DISK_SPACE                    ; Off                                                                          ; On            ; --          ; --             ;
; USE_GENERATED_PHYSICAL_CONSTRAINTS ; Off                                                                          ; --            ; --          ; eda_blast_fpga ;
+------------------------------------+------------------------------------------------------------------------------+---------------+-------------+----------------+


+-------------------------------------------------------------------------------------------------------------------------------+
; Flow Elapsed Time                                                                                                             ;
+---------------------------+--------------+-------------------------+---------------------+------------------------------------+
; Module Name               ; Elapsed Time ; Average Processors Used ; Peak Virtual Memory ; Total CPU Time (on all processors) ;
+---------------------------+--------------+-------------------------+---------------------+------------------------------------+
; Analysis & Synthesis      ; 00:04:09     ; 1.0                     ; 232 MB              ; 00:03:46                           ;
; Fitter                    ; 00:02:46     ; 1.0                     ; 280 MB              ; 00:02:30                           ;
; TimeQuest Timing Analyzer ; 00:01:30     ; 1.0                     ; 231 MB              ; 00:01:14                           ;
; Assembler                 ; 00:00:13     ; 1.0                     ; 178 MB              ; 00:00:07                           ;
; Total                     ; 00:08:25     ; --                      ; --                  ; 00:07:30                           ;
+---------------------------+--------------+-------------------------+---------------------+------------------------------------+


+-----------------------------------------------------------------------------------------+
; Flow OS Summary                                                                         ;
+---------------------------+------------------+------------+------------+----------------+
; Module Name               ; Machine Hostname ; OS Name    ; OS Version ; Processor type ;
+---------------------------+------------------+------------+------------+----------------+
; Analysis & Synthesis      ; Ewgeny7          ; Windows XP ; 5.1        ; i686           ;
; Fitter                    ; Ewgeny7          ; Windows XP ; 5.1        ; i686           ;
; Assembler                 ; Ewgeny7          ; Windows XP ; 5.1        ; i686           ;
; TimeQuest Timing Analyzer ; Ewgeny7          ; Windows XP ; 5.1        ; i686           ;
+---------------------------+------------------+------------+------------+----------------+


------------
; Flow Log ;
------------
quartus_map --read_settings_files=on --write_settings_files=off speccy -c speccy
quartus_fit --read_settings_files=off --write_settings_files=off speccy -c speccy
quartus_asm --read_settings_files=off --write_settings_files=off speccy -c speccy
quartus_sta speccy -c speccy



