Flow report for spets_fpga
Sat Dec 17 09:46:24 2011
Quartus II Version 11.0 Build 157 04/27/2011 SJ Full Version


---------------------
; Table of Contents ;
---------------------
  1. Legal Notice
  2. Flow Summary
  3. Flow Settings
  4. Flow Non-Default Global Settings
  5. Flow Elapsed Time
  6. Flow OS Summary
  7. Flow Log



----------------
; Legal Notice ;
----------------
Copyright (C) 1991-2011 Altera Corporation
Your use of Altera Corporation's design tools, logic functions 
and other software and tools, and its AMPP partner logic 
functions, and any output files from any of the foregoing 
(including device programming or simulation files), and any 
associated documentation or information are expressly subject 
to the terms and conditions of the Altera Program License 
Subscription Agreement, Altera MegaCore Function License 
Agreement, or other applicable license agreement, including, 
without limitation, that your use is for the sole purpose of 
programming logic devices manufactured by Altera and sold by 
Altera or its authorized distributors.  Please refer to the 
applicable agreement for further details.



+--------------------------------------------------------------------------------+
; Flow Summary                                                                   ;
+------------------------------------+-------------------------------------------+
; Flow Status                        ; Successful - Sat Dec 17 09:45:43 2011     ;
; Quartus II Version                 ; 11.0 Build 157 04/27/2011 SJ Full Version ;
; Revision Name                      ; spets_fpga                                ;
; Top-level Entity Name              ; spets_fpga                                ;
; Family                             ; Cyclone III                               ;
; Device                             ; EP3C10E144C8                              ;
; Timing Models                      ; Final                                     ;
; Total logic elements               ; 2,139 / 10,320 ( 21 % )                   ;
;     Total combinational functions  ; 2,005 / 10,320 ( 19 % )                   ;
;     Dedicated logic registers      ; 691 / 10,320 ( 7 % )                      ;
; Total registers                    ; 691                                       ;
; Total pins                         ; 51 / 95 ( 54 % )                          ;
; Total virtual pins                 ; 0                                         ;
; Total memory bits                  ; 304,464 / 423,936 ( 72 % )                ;
; Embedded Multiplier 9-bit elements ; 0 / 46 ( 0 % )                            ;
; Total PLLs                         ; 1 / 2 ( 50 % )                            ;
+------------------------------------+-------------------------------------------+


+-----------------------------------------+
; Flow Settings                           ;
+-------------------+---------------------+
; Option            ; Setting             ;
+-------------------+---------------------+
; Start date & time ; 12/17/2011 09:40:20 ;
; Main task         ; Compilation         ;
; Revision Name     ; spets_fpga          ;
+-------------------+---------------------+


+-----------------------------------------------------------------------------------------------------------------------------------------------+
; Flow Non-Default Global Settings                                                                                                              ;
+-------------------------------------+----------------------------------------------------------+---------------+-------------+----------------+
; Assignment Name                     ; Value                                                    ; Default Value ; Entity Name ; Section Id     ;
+-------------------------------------+----------------------------------------------------------+---------------+-------------+----------------+
; COMPILER_SIGNATURE_ID               ; 130603490708.132410761900620                             ; --            ; --          ; --             ;
; IP_TOOL_NAME                        ; ROM: 1-PORT                                              ; --            ; --          ; --             ;
; IP_TOOL_NAME                        ; ROM: 1-PORT                                              ; --            ; --          ; --             ;
; IP_TOOL_NAME                        ; ROM: 1-PORT                                              ; --            ; --          ; --             ;
; IP_TOOL_VERSION                     ; 9.1                                                      ; --            ; --          ; --             ;
; IP_TOOL_VERSION                     ; 9.1                                                      ; --            ; --          ; --             ;
; IP_TOOL_VERSION                     ; 9.1                                                      ; --            ; --          ; --             ;
; MAX_CORE_JUNCTION_TEMP              ; 85                                                       ; --            ; --          ; --             ;
; MIN_CORE_JUNCTION_TEMP              ; 0                                                        ; --            ; --          ; --             ;
; MISC_FILE                           ; C:/altera/91sp2/quartus/my/u10_spets_fpga/spets_fpga.dpf ; --            ; --          ; --             ;
; MISC_FILE                           ; C:/altera/91/quartus/my/u10_spets_fpga/spets_fpga.dpf    ; --            ; --          ; --             ;
; MISC_FILE                           ; lpm_dos1.bsf                                             ; --            ; --          ; --             ;
; MISC_FILE                           ; lpm_dos2.bsf                                             ; --            ; --          ; --             ;
; MISC_FILE                           ; lpm_test_mx.bsf                                          ; --            ; --          ; --             ;
; NOMINAL_CORE_SUPPLY_VOLTAGE         ; 1.2V                                                     ; --            ; --          ; --             ;
; PARTITION_COLOR                     ; 16764057                                                 ; --            ; --          ; Top            ;
; PARTITION_FITTER_PRESERVATION_LEVEL ; PLACEMENT_AND_ROUTING                                    ; --            ; --          ; Top            ;
; PARTITION_NETLIST_TYPE              ; SOURCE                                                   ; --            ; --          ; Top            ;
; USE_GENERATED_PHYSICAL_CONSTRAINTS  ; Off                                                      ; --            ; --          ; eda_blast_fpga ;
; USE_TIMEQUEST_TIMING_ANALYZER       ; Off                                                      ; On            ; --          ; --             ;
+-------------------------------------+----------------------------------------------------------+---------------+-------------+----------------+


+-------------------------------------------------------------------------------------------------------------------------------+
; Flow Elapsed Time                                                                                                             ;
+---------------------------+--------------+-------------------------+---------------------+------------------------------------+
; Module Name               ; Elapsed Time ; Average Processors Used ; Peak Virtual Memory ; Total CPU Time (on all processors) ;
+---------------------------+--------------+-------------------------+---------------------+------------------------------------+
; Analysis & Synthesis      ; 00:03:37     ; 1.0                     ; 459 MB              ; 00:03:33                           ;
; Fitter                    ; 00:01:20     ; 1.0                     ; 490 MB              ; 00:01:17                           ;
; Assembler                 ; 00:00:13     ; 1.0                     ; 385 MB              ; 00:00:11                           ;
; TimeQuest Timing Analyzer ; 00:00:54     ; 1.0                     ; 387 MB              ; 00:00:51                           ;
; Total                     ; 00:06:04     ; --                      ; --                  ; 00:05:52                           ;
+---------------------------+--------------+-------------------------+---------------------+------------------------------------+


+-----------------------------------------------------------------------------------------+
; Flow OS Summary                                                                         ;
+---------------------------+------------------+------------+------------+----------------+
; Module Name               ; Machine Hostname ; OS Name    ; OS Version ; Processor type ;
+---------------------------+------------------+------------+------------+----------------+
; Analysis & Synthesis      ; aspire           ; Windows XP ; 5.1        ; i686           ;
; Fitter                    ; aspire           ; Windows XP ; 5.1        ; i686           ;
; Assembler                 ; aspire           ; Windows XP ; 5.1        ; i686           ;
; TimeQuest Timing Analyzer ; aspire           ; Windows XP ; 5.1        ; i686           ;
+---------------------------+------------------+------------+------------+----------------+


------------
; Flow Log ;
------------
quartus_map --read_settings_files=on --write_settings_files=off spets_fpga -c spets_fpga
quartus_fit --read_settings_files=off --write_settings_files=off spets_fpga -c spets_fpga
quartus_asm --read_settings_files=off --write_settings_files=off spets_fpga -c spets_fpga
quartus_sta spets_fpga -c spets_fpga



